disabled dot output: use ./ to parse relative files starting with a colon.
parsing 'test/parser/array06.mod'...
successfully parsed.
  AST:
    CAstScope: 'array06'
      symbol table:
        [[
          [ *DIM(<ptr(8) to <NULL>>,<integer>) --> <integer>           ]
          [ *DOFS(<ptr(8) to <NULL>>) --> <integer>           ]
          [ *Init(<ptr(8) to array of array of <integer>>>>) --> <NULL>           ]
          [ *Print(<ptr(8) to array of array of <integer>>>>) --> <NULL>           ]
          [ *ReadInt() --> <integer>           ]
          [ *ReadLong() --> <longint>           ]
          [ *Test() --> <NULL>           ]
          [ *WriteChar(<char>) --> <NULL>           ]
          [ *WriteInt(<integer>) --> <NULL>           ]
          [ *WriteLn() --> <NULL>           ]
          [ *WriteLong(<longint>) --> <NULL>           ]
          [ *WriteStr(<ptr(8) to array of <char>>>) --> <NULL>           ]
        ]]
      statement list:
        call [ *Test() --> <NULL> ] <NULL>
      nested scopes:
        CAstScope: 'Print'
          symbol table:
            [[
              [ %A        <ptr(8) to array of array of <integer>>>>               ]
              [ $M        <integer>               ]
              [ $N        <integer>               ]
              [ $i        <integer>               ]
              [ $j        <integer>               ]
            ]]
          statement list:
            := <integer>
              [ $N        <integer> ] <integer>
              call [ *DIM(<ptr(8) to <NULL>>,<integer>) --> <integer> ] <integer>
                [ %A        <ptr(8) to array of array of <integer>>>> ] <ptr(8) to array of array of <integer>>>>
                1 <integer>
            := <integer>
              [ $M        <integer> ] <integer>
              call [ *DIM(<ptr(8) to <NULL>>,<integer>) --> <integer> ] <integer>
                [ %A        <ptr(8) to array of array of <integer>>>> ] <ptr(8) to array of array of <integer>>>>
                2 <integer>
            := <integer>
              [ $i        <integer> ] <integer>
              0 <integer>
            while cond
              < <integer>
                [ $i        <integer> ] <integer>
                [ $N        <integer> ] <integer>
            while-body
              := <integer>
                [ $j        <integer> ] <integer>
                0 <integer>
              while cond
                < <integer>
                  [ $j        <integer> ] <integer>
                  [ $M        <integer> ] <integer>
              while-body
                call [ *WriteInt(<integer>) --> <NULL> ] <NULL>
                  [ %A        <ptr(8) to array of array of <integer>>>> ] <INVALID>
                    [ $i        <integer> ] <integer>
                    [ $j        <integer> ] <integer>
                call [ *WriteLn() --> <NULL> ] <NULL>
                := <integer>
                  [ $j        <integer> ] <integer>
                  add <integer>
                    [ $j        <integer> ] <integer>
                    1 <integer>
              := <integer>
                [ $i        <integer> ] <integer>
                add <integer>
                  [ $i        <integer> ] <integer>
                  1 <integer>
          nested scopes:
            empty.
        
        CAstScope: 'Init'
          symbol table:
            [[
              [ $M        <integer>               ]
              [ $N        <integer>               ]
              [ %a        <ptr(8) to array of array of <integer>>>>               ]
              [ $c        <integer>               ]
              [ $i        <integer>               ]
              [ $j        <integer>               ]
            ]]
          statement list:
            := <integer>
              [ $N        <integer> ] <integer>
              call [ *DIM(<ptr(8) to <NULL>>,<integer>) --> <integer> ] <integer>
                [ %a        <ptr(8) to array of array of <integer>>>> ] <ptr(8) to array of array of <integer>>>>
                1 <integer>
            := <integer>
              [ $M        <integer> ] <integer>
              call [ *DIM(<ptr(8) to <NULL>>,<integer>) --> <integer> ] <integer>
                [ %a        <ptr(8) to array of array of <integer>>>> ] <ptr(8) to array of array of <integer>>>>
                2 <integer>
            := <integer>
              [ $c        <integer> ] <integer>
              0 <integer>
            := <integer>
              [ $i        <integer> ] <integer>
              0 <integer>
            while cond
              < <integer>
                [ $i        <integer> ] <integer>
                [ $N        <integer> ] <integer>
            while-body
              := <integer>
                [ $j        <integer> ] <integer>
                0 <integer>
              while cond
                < <integer>
                  [ $j        <integer> ] <integer>
                  [ $M        <integer> ] <integer>
              while-body
                := <INVALID>
                  [ %a        <ptr(8) to array of array of <integer>>>> ] <INVALID>
                    [ $i        <integer> ] <integer>
                    [ $j        <integer> ] <integer>
                  [ $c        <integer> ] <integer>
                := <integer>
                  [ $c        <integer> ] <integer>
                  add <integer>
                    [ $c        <integer> ] <integer>
                    1 <integer>
                := <integer>
                  [ $j        <integer> ] <integer>
                  add <integer>
                    [ $j        <integer> ] <integer>
                    1 <integer>
              := <integer>
                [ $i        <integer> ] <integer>
                add <integer>
                  [ $i        <integer> ] <integer>
                  1 <integer>
            call [ *Print(<ptr(8) to array of array of <integer>>>>) --> <NULL> ] <NULL>
              [ %a        <ptr(8) to array of array of <integer>>>> ] <ptr(8) to array of array of <integer>>>>
          nested scopes:
            empty.
        
        CAstScope: 'Test'
          symbol table:
            [[
              [ $x        array of array of <integer>>>               ]
            ]]
          statement list:
            call [ *WriteInt(<integer>) --> <NULL> ] <NULL>
              11111111 <integer>
            call [ *WriteLn() --> <NULL> ] <NULL>
            call [ *Print(<ptr(8) to array of array of <integer>>>>) --> <NULL> ] <NULL>
              &() <INVALID>
                [ $x        array of array of <integer>>> ] array of array of <integer>>>
            call [ *WriteInt(<integer>) --> <NULL> ] <NULL>
              22222222 <integer>
            call [ *WriteLn() --> <NULL> ] <NULL>
            call [ *Init(<ptr(8) to array of array of <integer>>>>) --> <NULL> ] <NULL>
              &() <INVALID>
                [ $x        array of array of <integer>>> ] array of array of <integer>>>
          nested scopes:
            empty.
        
    


Done.
