disabled dot output: use ./ to parse relative files starting with a colon.
parsing 'test/parser/array01.mod'...
successfully parsed.
  AST:
    CAstScope: 'array01'
      symbol table:
        [[
          [ @A        array 5 of array 5 of <integer>>>           A           ]
          [ *DIM(<ptr(8) to <NULL>>,<integer>) --> <integer>           ]
          [ *DOFS(<ptr(8) to <NULL>>) --> <integer>           ]
          [ *ReadInt() --> <integer>           ]
          [ *ReadLong() --> <longint>           ]
          [ *WriteChar(<char>) --> <NULL>           ]
          [ *WriteInt(<integer>) --> <NULL>           ]
          [ *WriteLn() --> <NULL>           ]
          [ *WriteLong(<longint>) --> <NULL>           ]
          [ *WriteStr(<ptr(8) to array of <char>>>) --> <NULL>           ]
          [ *foo(<integer>) --> <NULL>           ]
        ]]
      statement list:
        := <integer>
          [ @A        array 5 of array 5 of <integer>>>           A ] <integer>
            0 <integer>
            1 <integer>
          [ @A        array 5 of array 5 of <integer>>>           A ] <integer>
            2 <integer>
            3 <integer>
      nested scopes:
        CAstScope: 'foo'
          symbol table:
            [[
              [ $B        array 5 of <integer>>               ]
              [ %a        <integer>               ]
            ]]
          statement list:
            := <integer>
              [ $B        array 5 of <integer>> ] <integer>
                7 <integer>
              [ %a        <integer> ] <integer>
          nested scopes:
            empty.
        
    


Done.
