disabled dot output: use ./ to parse relative files starting with a colon.
parsing 'test/parser/const03.mod'...
successfully parsed.
  AST:
    CAstScope: 'const03'
      symbol table:
        [[
          [ @A        array 5 of array 30 of <integer>>>           A           ]
          [ *DIM(<ptr(8) to <NULL>>,<integer>) --> <integer>           ]
          [ *DOFS(<ptr(8) to <NULL>>) --> <integer>           ]
          [ =F        <boolean>           ]
            [ data: false ]
          [ =M        <integer>           ]
            [ data: 30 ]
          [ =N        <integer>           ]
            [ data: 5 ]
          [ *ReadInt() --> <integer>           ]
          [ *ReadLong() --> <longint>           ]
          [ =S        array of <char>>           ]
            [ data: "Hello, world!" ]
          [ =T        <boolean>           ]
            [ data: true ]
          [ *WriteChar(<char>) --> <NULL>           ]
          [ *WriteInt(<integer>) --> <NULL>           ]
          [ *WriteLn() --> <NULL>           ]
          [ *WriteLong(<longint>) --> <NULL>           ]
          [ *WriteStr(<ptr(8) to array of <char>>>) --> <NULL>           ]
          [ @_str_1   array 14 of <char>>      _str_1           ]
            [ data: "Hello, world!" ]
          [ @_str_2   array 5 of <char>>      _str_2           ]
            [ data: "N = " ]
          [ @_str_3   array 5 of <char>>      _str_3           ]
            [ data: "M = " ]
        ]]
      statement list:
        call [ *WriteStr(<ptr(8) to array of <char>>>) --> <NULL> ] <NULL>
          &() <ptr(8) to array of <char>>>
            [ =S        array of <char>> ] array of <char>>
        call [ *WriteLn() --> <NULL> ] <NULL>
        call [ *WriteStr(<ptr(8) to array of <char>>>) --> <NULL> ] <NULL>
          &() <ptr(8) to array 5 of <char>>>
            "N = " array 5 of <char>>
        call [ *WriteInt(<integer>) --> <NULL> ] <NULL>
          [ =N        <integer> ] <integer>
        call [ *WriteLn() --> <NULL> ] <NULL>
        call [ *WriteStr(<ptr(8) to array of <char>>>) --> <NULL> ] <NULL>
          &() <ptr(8) to array 5 of <char>>>
            "M = " array 5 of <char>>
        call [ *WriteInt(<integer>) --> <NULL> ] <NULL>
          [ =M        <integer> ] <integer>
        call [ *WriteLn() --> <NULL> ] <NULL>
      nested scopes:
        empty.
    


Done.
