disabled dot output: use ./ to parse relative files starting with a colon.
parsing 'test/parser/intminmax.mod'...
successfully parsed.
  AST:
    CAstScope: 'test05'
      symbol table:
        [[
          [ *DIM(<ptr(8) to <NULL>>,<integer>) --> <integer>           ]
          [ *DOFS(<ptr(8) to <NULL>>) --> <integer>           ]
          [ *ReadInt() --> <integer>           ]
          [ *ReadLong() --> <longint>           ]
          [ *WriteChar(<char>) --> <NULL>           ]
          [ *WriteInt(<integer>) --> <NULL>           ]
          [ *WriteLn() --> <NULL>           ]
          [ *WriteLong(<longint>) --> <NULL>           ]
          [ *WriteStr(<ptr(8) to array of <char>>>) --> <NULL>           ]
          [ @max      <integer>         max           ]
          [ @min      <integer>         min           ]
        ]]
      statement list:
        := <integer>
          [ @min      <integer>         min ] <integer>
          neg <integer>
            2147483648 <integer>
        := <integer>
          [ @max      <integer>         max ] <integer>
          2147483647 <integer>
      nested scopes:
        empty.
    


Done.
